<?xml version="1.0" encoding="UTF-8"?>
<!-- Generated by org.testng.reporters.JUnitXMLReporter -->
<testsuite hostname="DESKTOP-T4RN9QI" ignored="0" name="Default test" tests="10" failures="0" timestamp="2022-08-10T22:46:51 IST" time="0.444" errors="0">
  <testcase name="tc01" time="0.035" classname="org.base.GroupTestingSample"/>
  <testcase name="tc02" time="0.0" classname="org.base.GroupTestingSample"/>
  <testcase name="tc03" time="0.0" classname="org.base.GroupTestingSample"/>
  <testcase name="tc04" time="0.015" classname="org.base.GroupTestingSample"/>
  <testcase name="tc05" time="0.063" classname="org.base.GroupTestingSample"/>
  <testcase name="tc06" time="0.0" classname="org.base.GroupTestingSample"/>
  <testcase name="tc07" time="0.016" classname="org.base.GroupTestingSample"/>
  <testcase name="tc08" time="0.0" classname="org.base.GroupTestingSample"/>
  <testcase name="tc09" time="0.0" classname="org.base.GroupTestingSample"/>
  <testcase name="tc10" time="0.0" classname="org.base.GroupTestingSample"/>
</testsuite> <!-- Default test -->
